<?xml version="1.0" encoding="UTF-8"?>
<!-- Generated by org.testng.reporters.JUnitReportReporter -->
<testsuite hostname="Hemanjali" failures="0" tests="5" name="com.Browserstack.TestBrowserstack" time="718.963" errors="0" timestamp="2024-12-28T17:17:37 IST" skipped="0">
  <testcase classname="com.Browserstack.TestBrowserstack" name="testBrowserStack" time="112.783"/>
  <system-out/>
  <testcase classname="com.Browserstack.TestBrowserstack" name="testBrowserStack" time="133.540"/>
  <system-out/>
  <testcase classname="com.Browserstack.TestBrowserstack" name="testBrowserStack" time="192.841"/>
  <system-out/>
  <testcase classname="com.Browserstack.TestBrowserstack" name="testBrowserStack" time="146.316"/>
  <system-out/>
  <testcase classname="com.Browserstack.TestBrowserstack" name="testBrowserStack" time="133.483"/>
  <system-out/>
</testsuite> <!-- com.Browserstack.TestBrowserstack -->
